<?xml version="1.0" encoding="UTF-8"?>
<!-- Generated by org.testng.reporters.JUnitReportReporter -->
<testsuite skipped="0" hostname="DESKTOP-2D2CTMR" name="samplegittest.SampleGitTest" tests="1" failures="0" timestamp="15 Apr 2018 05:55:46 GMT" time="31.563" errors="0">
  <testcase name="loginTest" time="31.563" classname="samplegittest.SampleGitTest"/>
</testsuite> <!-- samplegittest.SampleGitTest -->
